  Assembling Plantilla_0.asm...
  Assembling Programa_1_Condicionales.asm...
  Assembling Programa_2_ChecarNumEsPar.asm...
  Assembling P_10_Checar_Pares_Con_Loop.asm...
  Assembling P_11_ChecarSiNumeroEsPrimo.asm...
  Assembling P_12_Pila_En_Ensamblador.asm...
  Assembling P_13_IntroPila.asm...
  Assembling P_14_XCHG.asm...
  Assembling P_3_Lectura_Numeros.asm...
  Assembling P_4_EscrituraCadenaConsola.asm...
  Assembling P_5_SumaDosNumeros.asm...
  Assembling P_6_Promedio_3Numeros.asm...
  Assembling P_7_AreaRectangulo.asm...
  Assembling P_8_PuntoMedio.asm...
  Assembling P_9_IntroduccionLoop.asm...
  Assembling T2_Cuadrado_de_un_Numero.asm...
  Assembling T1_AreaTriangulo.asm...
  Assembling T3_Perimetro_Rectangulo.asm...
  Assembling T4_Area_Pentagono.asm...
  Assembling T5_Sueldo_Trabajador.asm...
  Assembling T6_Promedio_Materias.asm...
  Assembling T7_Valor_Absoluto.asm...
  Assembling T8_Mayor_Menor_Igual.asm...
  Assembling T9_Tablas_Multiplicar.asm...
Plantilla_0.obj : warning LNK4258: la directiva '/ENTRY:main@0' no es compatible con el modificador '/ENTRY:main14'; se ha omitido
Programa_1_Condicionales.obj : warning LNK4258: la directiva '/ENTRY:main1@0' no es compatible con el modificador '/ENTRY:main14'; se ha omitido
Programa_2_ChecarNumEsPar.obj : warning LNK4258: la directiva '/ENTRY:main3@0' no es compatible con el modificador '/ENTRY:main14'; se ha omitido
P_10_Checar_Pares_Con_Loop.obj : warning LNK4258: la directiva '/ENTRY:main10@0' no es compatible con el modificador '/ENTRY:main14'; se ha omitido
P_11_ChecarSiNumeroEsPrimo.obj : warning LNK4258: la directiva '/ENTRY:main11@0' no es compatible con el modificador '/ENTRY:main14'; se ha omitido
P_12_Pila_En_Ensamblador.obj : warning LNK4258: la directiva '/ENTRY:main12@0' no es compatible con el modificador '/ENTRY:main14'; se ha omitido
P_13_IntroPila.obj : warning LNK4258: la directiva '/ENTRY:main13@0' no es compatible con el modificador '/ENTRY:main14'; se ha omitido
P_14_XCHG.obj : warning LNK4258: la directiva '/ENTRY:main14@0' no es compatible con el modificador '/ENTRY:main14'; se ha omitido
P_3_Lectura_Numeros.obj : warning LNK4258: la directiva '/ENTRY:main2@0' no es compatible con el modificador '/ENTRY:main14'; se ha omitido
P_4_EscrituraCadenaConsola.obj : warning LNK4258: la directiva '/ENTRY:main4@0' no es compatible con el modificador '/ENTRY:main14'; se ha omitido
P_5_SumaDosNumeros.obj : warning LNK4258: la directiva '/ENTRY:main5@0' no es compatible con el modificador '/ENTRY:main14'; se ha omitido
P_6_Promedio_3Numeros.obj : warning LNK4258: la directiva '/ENTRY:main6@0' no es compatible con el modificador '/ENTRY:main14'; se ha omitido
P_7_AreaRectangulo.obj : warning LNK4258: la directiva '/ENTRY:main7@0' no es compatible con el modificador '/ENTRY:main14'; se ha omitido
P_8_PuntoMedio.obj : warning LNK4258: la directiva '/ENTRY:main8@0' no es compatible con el modificador '/ENTRY:main14'; se ha omitido
P_9_IntroduccionLoop.obj : warning LNK4258: la directiva '/ENTRY:main9@0' no es compatible con el modificador '/ENTRY:main14'; se ha omitido
T2_Cuadrado_de_un_Numero.obj : warning LNK4258: la directiva '/ENTRY:main21@0' no es compatible con el modificador '/ENTRY:main14'; se ha omitido
T1_AreaTriangulo.obj : warning LNK4258: la directiva '/ENTRY:main20@0' no es compatible con el modificador '/ENTRY:main14'; se ha omitido
T3_Perimetro_Rectangulo.obj : warning LNK4258: la directiva '/ENTRY:main22@0' no es compatible con el modificador '/ENTRY:main14'; se ha omitido
T4_Area_Pentagono.obj : warning LNK4258: la directiva '/ENTRY:main23@0' no es compatible con el modificador '/ENTRY:main14'; se ha omitido
T5_Sueldo_Trabajador.obj : warning LNK4258: la directiva '/ENTRY:main24@0' no es compatible con el modificador '/ENTRY:main14'; se ha omitido
T6_Promedio_Materias.obj : warning LNK4258: la directiva '/ENTRY:main25@0' no es compatible con el modificador '/ENTRY:main14'; se ha omitido
T7_Valor_Absoluto.obj : warning LNK4258: la directiva '/ENTRY:main26@0' no es compatible con el modificador '/ENTRY:main14'; se ha omitido
T8_Mayor_Menor_Igual.obj : warning LNK4258: la directiva '/ENTRY:main27@0' no es compatible con el modificador '/ENTRY:main14'; se ha omitido
T9_Tablas_Multiplicar.obj : warning LNK4258: la directiva '/ENTRY:main28@0' no es compatible con el modificador '/ENTRY:main14'; se ha omitido
  PM_UNIDAD_2.vcxproj -> C:\Users\ferna\source\repos\PM_UNIDAD_2\Debug\PM_UNIDAD_2.exe
