  Assembling ..\..\..\..\..\..\..\source\repos\PM_UNIDAD_2\PM_UNIDAD_2\Plantilla_0.asm...
  Assembling E_1_Area_Terreno.asm...
  Assembling E_2_Costo_llamada.asm...
  Assembling E_3_Costo_Estancia_Hotel.asm...
  Assembling P_1_LeerCadena.asm...
  Assembling P_2_Aleatorio_Intro.asm...
  Assembling P_3_RandomRange.asm...
  Assembling P_4_AdivinarNumero.asm...
  Assembling P_5_Curva_Loca.asm...
  Assembling P_6_Tienda_Lapices.asm...
Plantilla_0.obj : warning LNK4258: la directiva '/ENTRY:main@0' no es compatible con el modificador '/ENTRY:main20'; se ha omitido
E_1_Area_Terreno.obj : warning LNK4258: la directiva '/ENTRY:main20@0' no es compatible con el modificador '/ENTRY:main20'; se ha omitido
E_2_Costo_llamada.obj : warning LNK4258: la directiva '/ENTRY:main22@0' no es compatible con el modificador '/ENTRY:main20'; se ha omitido
E_3_Costo_Estancia_Hotel.obj : warning LNK4258: la directiva '/ENTRY:main23@0' no es compatible con el modificador '/ENTRY:main20'; se ha omitido
P_1_LeerCadena.obj : warning LNK4258: la directiva '/ENTRY:main1@0' no es compatible con el modificador '/ENTRY:main20'; se ha omitido
P_2_Aleatorio_Intro.obj : warning LNK4258: la directiva '/ENTRY:main2@0' no es compatible con el modificador '/ENTRY:main20'; se ha omitido
P_3_RandomRange.obj : warning LNK4258: la directiva '/ENTRY:main3@0' no es compatible con el modificador '/ENTRY:main20'; se ha omitido
P_4_AdivinarNumero.obj : warning LNK4258: la directiva '/ENTRY:main4@0' no es compatible con el modificador '/ENTRY:main20'; se ha omitido
P_5_Curva_Loca.obj : warning LNK4258: la directiva '/ENTRY:main5@0' no es compatible con el modificador '/ENTRY:main20'; se ha omitido
P_6_Tienda_Lapices.obj : warning LNK4258: la directiva '/ENTRY:main6@0' no es compatible con el modificador '/ENTRY:main20'; se ha omitido
  PM_UNIDAD_III.vcxproj -> C:\Users\ferna\Desktop\SEMESTER EIGTH\PROGRAMACIÓN DE MICROPROCESADORES\UNIDAD II\SE_Ejercicios_Tareas\PM_UNIDAD_III\Debug\PM_UNIDAD_III.exe
