  Assembling P6_Ecuaciones_Primer_Grado.asm...
  Assembling P7_PromNums.asm...
  Assembling P_0_Plantilla.asm...
  Assembling P_2_OpArirtmetica.asm...
  Assembling P_3_OpAritmetica2.asm...
  Assembling P_4_OpAritmeticas3.asm...
  Assembling P_5_OpAritmeticas.asm...
  Assembling P_8_IMC.asm...
  Assembling T1_Trapecio.asm...
  Assembling T2_Prom_Salario.asm...
  Assembling T3_Punto_Medio.asm...
  Assembling P_1_Variables_TiposDato.asm...
P6_Ecuaciones_Primer_Grado.obj : warning LNK4258: la directiva '/ENTRY:main6@0' no es compatible con el modificador '/ENTRY:main11'; se ha omitido
P7_PromNums.obj : warning LNK4258: la directiva '/ENTRY:main7@0' no es compatible con el modificador '/ENTRY:main11'; se ha omitido
P_0_Plantilla.obj : warning LNK4258: la directiva '/ENTRY:main@0' no es compatible con el modificador '/ENTRY:main11'; se ha omitido
P_2_OpArirtmetica.obj : warning LNK4258: la directiva '/ENTRY:main2@0' no es compatible con el modificador '/ENTRY:main11'; se ha omitido
P_3_OpAritmetica2.obj : warning LNK4258: la directiva '/ENTRY:main3@0' no es compatible con el modificador '/ENTRY:main11'; se ha omitido
P_4_OpAritmeticas3.obj : warning LNK4258: la directiva '/ENTRY:main4@0' no es compatible con el modificador '/ENTRY:main11'; se ha omitido
P_5_OpAritmeticas.obj : warning LNK4258: la directiva '/ENTRY:main5@0' no es compatible con el modificador '/ENTRY:main11'; se ha omitido
P_8_IMC.obj : warning LNK4258: la directiva '/ENTRY:main8@0' no es compatible con el modificador '/ENTRY:main11'; se ha omitido
T1_Trapecio.obj : warning LNK4258: la directiva '/ENTRY:main9@0' no es compatible con el modificador '/ENTRY:main11'; se ha omitido
T2_Prom_Salario.obj : warning LNK4258: la directiva '/ENTRY:main10@0' no es compatible con el modificador '/ENTRY:main11'; se ha omitido
T3_Punto_Medio.obj : warning LNK4258: la directiva '/ENTRY:main11@0' no es compatible con el modificador '/ENTRY:main11'; se ha omitido
P_1_Variables_TiposDato.obj : warning LNK4258: la directiva '/ENTRY:main1@0' no es compatible con el modificador '/ENTRY:main11'; se ha omitido
  PM_Clase_Equipo_1.vcxproj -> C:\Users\ferna\source\repos\PM_Clase_Equipo_1\Debug\PM_Clase_Equipo_1.exe
